0 info it worked if it ends with ok
1 verbose cli [ '/usr/local/bin/node',
1 verbose cli   '/usr/local/bin/npm',
1 verbose cli   'install',
1 verbose cli   '-g',
1 verbose cli   'bower' ]
2 info using npm@2.14.4
3 info using node@v4.1.1
4 verbose install initial load of /usr/local/lib/package.json
5 verbose readDependencies loading dependencies from /usr/local/lib/package.json
6 silly cache add args [ 'bower', null ]
7 verbose cache add spec bower
8 silly cache add parsed spec Result {
8 silly cache add   raw: 'bower',
8 silly cache add   scope: null,
8 silly cache add   name: 'bower',
8 silly cache add   rawSpec: '',
8 silly cache add   spec: '*',
8 silly cache add   type: 'range' }
9 silly addNamed bower@*
10 verbose addNamed "*" is a valid semver range for bower
11 silly addNameRange { name: 'bower', range: '*', hasData: false }
12 silly mapToRegistry name bower
13 silly mapToRegistry using default registry
14 silly mapToRegistry registry https://registry.npmjs.org/
15 silly mapToRegistry uri https://registry.npmjs.org/bower
16 verbose addNameRange registry:https://registry.npmjs.org/bower not in flight; fetching
17 verbose request uri https://registry.npmjs.org/bower
18 verbose request no auth needed
19 info attempt registry request try #1 at 7:49:54 PM
20 verbose request id 78e7ef7af6662e90
21 verbose etag "BTDTQ30K9H00LATV6BEKT1GC8"
22 http request GET https://registry.npmjs.org/bower
23 http 200 https://registry.npmjs.org/bower
24 silly get cb [ 200,
24 silly get   { server: 'CouchDB/1.5.0 (Erlang OTP/R16B03)',
24 silly get     etag: '"9T83GPBORE2SESGCV41JXJ5PU"',
24 silly get     'content-type': 'application/json',
24 silly get     'cache-control': 'max-age=60',
24 silly get     'content-length': '122887',
24 silly get     'accept-ranges': 'bytes',
24 silly get     date: 'Wed, 30 Sep 2015 09:49:54 GMT',
24 silly get     via: '1.1 varnish',
24 silly get     age: '39',
24 silly get     connection: 'keep-alive',
24 silly get     'x-served-by': 'cache-mel6521-MEL',
24 silly get     'x-cache': 'HIT',
24 silly get     'x-cache-hits': '1',
24 silly get     'x-timer': 'S1443606594.348093,VS0,VE0',
24 silly get     vary: 'Accept' } ]
25 verbose get saving bower to /Users/DS/.npm/registry.npmjs.org/bower/.cache.json
26 silly addNameRange number 2 { name: 'bower', range: '*', hasData: true }
27 silly addNameRange versions [ 'bower',
27 silly addNameRange   [ '0.1.0',
27 silly addNameRange     '0.1.2',
27 silly addNameRange     '0.1.3',
27 silly addNameRange     '0.2.0',
27 silly addNameRange     '0.3.0',
27 silly addNameRange     '0.3.1',
27 silly addNameRange     '0.3.2',
27 silly addNameRange     '0.4.0',
27 silly addNameRange     '0.5.0',
27 silly addNameRange     '0.5.1',
27 silly addNameRange     '0.6.0',
27 silly addNameRange     '0.6.1',
27 silly addNameRange     '0.6.2',
27 silly addNameRange     '0.6.3',
27 silly addNameRange     '0.6.4',
27 silly addNameRange     '0.6.5',
27 silly addNameRange     '0.6.6',
27 silly addNameRange     '0.6.7',
27 silly addNameRange     '0.6.8',
27 silly addNameRange     '0.7.0',
27 silly addNameRange     '0.7.1',
27 silly addNameRange     '0.8.0',
27 silly addNameRange     '0.8.1',
27 silly addNameRange     '0.8.2',
27 silly addNameRange     '0.8.3',
27 silly addNameRange     '0.8.4',
27 silly addNameRange     '0.8.5',
27 silly addNameRange     '0.8.6',
27 silly addNameRange     '0.9.0',
27 silly addNameRange     '0.9.1',
27 silly addNameRange     '0.9.2',
27 silly addNameRange     '0.10.0',
27 silly addNameRange     '1.0.0',
27 silly addNameRange     '1.0.1',
27 silly addNameRange     '1.0.2',
27 silly addNameRange     '1.0.3',
27 silly addNameRange     '1.1.0',
27 silly addNameRange     '1.1.1',
27 silly addNameRange     '1.1.2',
27 silly addNameRange     '1.2.0',
27 silly addNameRange     '1.2.1',
27 silly addNameRange     '1.2.2',
27 silly addNameRange     '1.2.3',
27 silly addNameRange     '1.2.4',
27 silly addNameRange     '1.2.5',
27 silly addNameRange     '1.2.6',
27 silly addNameRange     '1.2.7',
27 silly addNameRange     '1.2.8',
27 silly addNameRange     '1.3.0',
27 silly addNameRange     '1.3.1',
27 silly addNameRange     '1.3.2',
27 silly addNameRange     '1.3.3',
27 silly addNameRange     '1.3.4',
27 silly addNameRange     '1.3.5',
27 silly addNameRange     '1.3.6',
27 silly addNameRange     '1.3.7',
27 silly addNameRange     '1.3.8',
27 silly addNameRange     '1.3.9',
27 silly addNameRange     '1.3.10',
27 silly addNameRange     '1.3.11',
27 silly addNameRange     '1.3.12',
27 silly addNameRange     '1.4.0',
27 silly addNameRange     '1.4.1',
27 silly addNameRange     '1.5.0',
27 silly addNameRange     '1.5.1',
27 silly addNameRange     '1.5.2',
27 silly addNameRange     '1.5.3' ] ]
28 silly addNamed bower@1.5.3
29 verbose addNamed "1.5.3" is a plain semver version for bower
30 silly cache afterAdd bower@1.5.3
31 verbose afterAdd /Users/DS/.npm/bower/1.5.3/package/package.json not in flight; writing
32 verbose afterAdd /Users/DS/.npm/bower/1.5.3/package/package.json written
33 silly install resolved [ { name: 'bower',
33 silly install resolved     version: '1.5.3',
33 silly install resolved     description: 'The browser package manager',
33 silly install resolved     author: { name: 'Twitter' },
33 silly install resolved     license: 'MIT',
33 silly install resolved     repository: { type: 'git', url: 'git+https://github.com/bower/bower.git' },
33 silly install resolved     main: 'lib',
33 silly install resolved     homepage: 'http://bower.io',
33 silly install resolved     engines: { node: '>=0.10.0' },
33 silly install resolved     dependencies:
33 silly install resolved      { abbrev: '^1.0.5',
33 silly install resolved        archy: '1.0.0',
33 silly install resolved        'bower-config': '^0.6.1',
33 silly install resolved        'bower-endpoint-parser': '^0.2.2',
33 silly install resolved        'bower-json': '^0.4.0',
33 silly install resolved        'bower-logger': '^0.2.2',
33 silly install resolved        'bower-registry-client': '^0.3.0',
33 silly install resolved        cardinal: '0.4.4',
33 silly install resolved        chalk: '^1.0.0',
33 silly install resolved        chmodr: '0.1.0',
33 silly install resolved        configstore: '^0.3.2',
33 silly install resolved        'decompress-zip': '^0.1.0',
33 silly install resolved        fstream: '^1.0.3',
33 silly install resolved        'fstream-ignore': '^1.0.2',
33 silly install resolved        github: '^0.2.3',
33 silly install resolved        glob: '^4.3.2',
33 silly install resolved        'graceful-fs': '^3.0.5',
33 silly install resolved        handlebars: '^2.0.0',
33 silly install resolved        inquirer: '0.8.0',
33 silly install resolved        insight: '^0.7.0',
33 silly install resolved        'is-root': '^1.0.0',
33 silly install resolved        junk: '^1.0.0',
33 silly install resolved        lockfile: '^1.0.0',
33 silly install resolved        'lru-cache': '^2.5.0',
33 silly install resolved        'md5-hex': '^1.0.2',
33 silly install resolved        mkdirp: '0.5.0',
33 silly install resolved        mout: '^0.11.0',
33 silly install resolved        nopt: '^3.0.1',
33 silly install resolved        opn: '^1.0.1',
33 silly install resolved        'p-throttler': '0.1.1',
33 silly install resolved        promptly: '0.2.0',
33 silly install resolved        q: '^1.1.2',
33 silly install resolved        request: '2.53.0',
33 silly install resolved        'request-progress': '0.3.1',
33 silly install resolved        retry: '0.6.1',
33 silly install resolved        rimraf: '^2.2.8',
33 silly install resolved        semver: '^2.3.0',
33 silly install resolved        'shell-quote': '^1.4.2',
33 silly install resolved        'stringify-object': '^1.0.0',
33 silly install resolved        'tar-fs': '^1.4.1',
33 silly install resolved        tmp: '0.0.24',
33 silly install resolved        'update-notifier': '^0.3.0',
33 silly install resolved        'user-home': '^1.1.0',
33 silly install resolved        which: '^1.0.8' },
33 silly install resolved     devDependencies:
33 silly install resolved      { chai: '^1.10.0',
33 silly install resolved        coveralls: '^2.11.2',
33 silly install resolved        'expect.js': '^0.3.1',
33 silly install resolved        grunt: '^0.4.5',
33 silly install resolved        'grunt-cli': '^0.1.13',
33 silly install resolved        'grunt-contrib-jshint': '^0.10.0',
33 silly install resolved        'grunt-contrib-watch': '^0.6.1',
33 silly install resolved        'grunt-exec': '^0.4.6',
33 silly install resolved        'grunt-simple-mocha': '^0.4.0',
33 silly install resolved        istanbul: '^0.3.5',
33 silly install resolved        'load-grunt-tasks': '^2.0.0',
33 silly install resolved        mocha: '^2.1.0',
33 silly install resolved        multiline: '^1.0.2',
33 silly install resolved        nock: '^0.56.0',
33 silly install resolved        'node-uuid': '^1.4.2',
33 silly install resolved        proxyquire: '^1.3.0',
33 silly install resolved        'spawn-sync': '^1.0.5' },
33 silly install resolved     scripts: { test: 'grunt test' },
33 silly install resolved     bin: { bower: 'bin/bower' },
33 silly install resolved     files: [ 'bin', 'lib', 'templates' ],
33 silly install resolved     gitHead: '66310523d16a1f342f3da2aa49ea90d927fe7d46',
33 silly install resolved     bugs: { url: 'https://github.com/bower/bower/issues' },
33 silly install resolved     _id: 'bower@1.5.3',
33 silly install resolved     _shasum: 'ee5d7952e114e30b18795e20e9fefcc5b4cf963d',
33 silly install resolved     _from: 'bower@*',
33 silly install resolved     _npmVersion: '1.4.28',
33 silly install resolved     _npmUser: { name: 'sheerun', email: 'sheerun@sher.pl' },
33 silly install resolved     maintainers: [ [Object], [Object], [Object], [Object], [Object], [Object] ],
33 silly install resolved     dist:
33 silly install resolved      { shasum: 'ee5d7952e114e30b18795e20e9fefcc5b4cf963d',
33 silly install resolved        tarball: 'http://registry.npmjs.org/bower/-/bower-1.5.3.tgz' },
33 silly install resolved     directories: {},
33 silly install resolved     _resolved: 'https://registry.npmjs.org/bower/-/bower-1.5.3.tgz',
33 silly install resolved     readme: 'ERROR: No README data found!' } ]
34 info install bower@1.5.3 into /usr/local/lib
35 info installOne bower@1.5.3
36 verbose installOne of bower to /usr/local/lib not in flight; installing
37 verbose lock using /Users/DS/.npm/_locks/bower-e8debc5417026b57.lock for /usr/local/lib/node_modules/bower
38 silly install write writing bower 1.5.3 to /usr/local/lib/node_modules/bower
39 verbose unbuild lib/node_modules/bower
40 silly gentlyRm /usr/local/lib/node_modules/bower is being purged from base /usr/local
41 verbose gentlyRm don't care about contents; nuking /usr/local/lib/node_modules/bower
42 verbose tar unpack /Users/DS/.npm/bower/1.5.3/package.tgz
43 verbose tar unpacking to /usr/local/lib/node_modules/bower
44 silly gentlyRm /usr/local/lib/node_modules/bower is being purged
45 verbose gentlyRm don't care about contents; nuking /usr/local/lib/node_modules/bower
46 silly gunzTarPerm modes [ '755', '644' ]
47 error tar.unpack untar error /Users/DS/.npm/bower/1.5.3/package.tgz
48 verbose unlock done using /Users/DS/.npm/_locks/bower-e8debc5417026b57.lock for /usr/local/lib/node_modules/bower
49 verbose fstream_path /usr/local/lib/node_modules/bower
50 verbose fstream_type Directory
51 verbose fstream_class DirWriter
52 verbose stack Error: EACCES: permission denied, mkdir '/usr/local/lib/node_modules/bower'
52 verbose stack     at Error (native)
53 verbose fstream_stack /usr/local/lib/node_modules/npm/node_modules/fstream/lib/dir-writer.js:35:25
53 verbose fstream_stack /usr/local/lib/node_modules/npm/node_modules/mkdirp/index.js:47:53
53 verbose fstream_stack FSReqWrap.oncomplete (fs.js:82:15)
54 verbose cwd /Users/DS/Sites/titanic_events
55 error Darwin 14.5.0
56 error argv "/usr/local/bin/node" "/usr/local/bin/npm" "install" "-g" "bower"
57 error node v4.1.1
58 error npm  v2.14.4
59 error path /usr/local/lib/node_modules/bower
60 error code EACCES
61 error errno -13
62 error syscall mkdir
63 error Error: EACCES: permission denied, mkdir '/usr/local/lib/node_modules/bower'
63 error     at Error (native)
63 error  { [Error: EACCES: permission denied, mkdir '/usr/local/lib/node_modules/bower']
63 error   errno: -13,
63 error   code: 'EACCES',
63 error   syscall: 'mkdir',
63 error   path: '/usr/local/lib/node_modules/bower',
63 error   fstream_type: 'Directory',
63 error   fstream_path: '/usr/local/lib/node_modules/bower',
63 error   fstream_class: 'DirWriter',
63 error   fstream_stack:
63 error    [ '/usr/local/lib/node_modules/npm/node_modules/fstream/lib/dir-writer.js:35:25',
63 error      '/usr/local/lib/node_modules/npm/node_modules/mkdirp/index.js:47:53',
63 error      'FSReqWrap.oncomplete (fs.js:82:15)' ] }
64 error Please try running this command again as root/Administrator.
65 verbose exit [ -13, true ]
66 verbose unbuild lib/node_modules/bower
67 silly gentlyRm /usr/local/lib/node_modules/bower is being purged from base /usr/local
68 verbose gentlyRm don't care about contents; nuking /usr/local/lib/node_modules/bower
